This file contains any messages produced by compilers while
running configure, to aid debugging if configure makes a mistake.

It was created by trinyVLC configure 0.01, which was
generated by GNU Autoconf 2.71.  Invocation command line was

  $ ./configure

## --------- ##
## Platform. ##
## --------- ##

hostname = archlqx
uname -m = x86_64
uname -r = 5.18.8-xanmod1-1
uname -s = Linux
uname -v = #1 SMP Thu, 30 Jun 2022 13:43:19 +0000

/usr/bin/uname -p = unknown
/bin/uname -X     = unknown

/bin/arch              = unknown
/usr/bin/arch -k       = unknown
/usr/convex/getsysinfo = unknown
/usr/bin/hostinfo      = unknown
/bin/machine           = unknown
/usr/bin/oslevel       = unknown
/bin/universe          = unknown

PATH: /home/lqz/.local/bin/
PATH: /home/lqz/go/bin/
PATH: /home/lqz/.cabal/bin/
PATH: /home/lqz/.npm-global/bin/
PATH: /home/lqz/.cargo/bin/
PATH: /usr/lib/jvm/default/
PATH: /home/lqz/.local/share/bento4/bin/
PATH: /home/lqz/.config/rofi/bin/
PATH: /usr/local/sbin/
PATH: /usr/local/bin/
PATH: /usr/bin/
PATH: /usr/bin/site_perl/
PATH: /usr/bin/vendor_perl/
PATH: /usr/bin/core_perl/


## ----------- ##
## Core tests. ##
## ----------- ##

configure:2487: looking for aux files: compile missing install-sh
configure:2500:  trying ./
configure:2529:   ./compile found
configure:2529:   ./missing found
configure:2511:   ./install-sh found
configure:2661: checking for a BSD-compatible install
configure:2734: result: /usr/bin/install -c
configure:2745: checking whether build environment is sane
configure:2800: result: yes
configure:2959: checking for a race-free mkdir -p
configure:3003: result: /usr/bin/mkdir -p
configure:3010: checking for gawk
configure:3031: found /usr/bin/gawk
configure:3042: result: gawk
configure:3053: checking whether make sets $(MAKE)
configure:3076: result: yes
configure:3106: checking whether make supports nested variables
configure:3124: result: yes
configure:3331: checking for g++
configure:3352: found /usr/bin/g++
configure:3363: result: g++
configure:3390: checking for C++ compiler version
configure:3399: g++ --version >&5
g++ (GCC) 12.1.0
Copyright (C) 2022 Free Software Foundation, Inc.
This is free software; see the source for copying conditions.  There is NO
warranty; not even for MERCHANTABILITY or FITNESS FOR A PARTICULAR PURPOSE.

configure:3410: $? = 0
configure:3399: g++ -v >&5
Using built-in specs.
COLLECT_GCC=g++
COLLECT_LTO_WRAPPER=/usr/lib/gcc/x86_64-pc-linux-gnu/12.1.0/lto-wrapper
Target: x86_64-pc-linux-gnu
Configured with: /build/gcc/src/gcc/configure --enable-languages=c,c++,ada,fortran,go,lto,objc,obj-c++ --enable-bootstrap --prefix=/usr --libdir=/usr/lib --libexecdir=/usr/lib --mandir=/usr/share/man --infodir=/usr/share/info --with-bugurl=https://bugs.archlinux.org/ --with-linker-hash-style=gnu --with-system-zlib --enable-__cxa_atexit --enable-cet=auto --enable-checking=release --enable-clocale=gnu --enable-default-pie --enable-default-ssp --enable-gnu-indirect-function --enable-gnu-unique-object --enable-linker-build-id --enable-lto --enable-multilib --enable-plugin --enable-shared --enable-threads=posix --disable-libssp --disable-libstdcxx-pch --disable-werror --with-build-config=bootstrap-lto --enable-link-serialization=1
Thread model: posix
Supported LTO compression algorithms: zlib zstd
gcc version 12.1.0 (GCC) 
configure:3410: $? = 0
configure:3399: g++ -V >&5
g++: error: unrecognized command-line option '-V'
g++: fatal error: no input files
compilation terminated.
configure:3410: $? = 1
configure:3399: g++ -qversion >&5
g++: error: unrecognized command-line option '-qversion'; did you mean '--version'?
g++: fatal error: no input files
compilation terminated.
configure:3410: $? = 1
configure:3430: checking whether the C++ compiler works
configure:3452: g++    conftest.cpp  >&5
configure:3456: $? = 0
configure:3506: result: yes
configure:3509: checking for C++ compiler default output file name
configure:3511: result: a.out
configure:3517: checking for suffix of executables
configure:3524: g++ -o conftest    conftest.cpp  >&5
configure:3528: $? = 0
configure:3551: result: 
configure:3573: checking whether we are cross compiling
configure:3581: g++ -o conftest    conftest.cpp  >&5
configure:3585: $? = 0
configure:3592: ./conftest
configure:3596: $? = 0
configure:3611: result: no
configure:3616: checking for suffix of object files
configure:3639: g++ -c   conftest.cpp >&5
configure:3643: $? = 0
configure:3665: result: o
configure:3669: checking whether the compiler supports GNU C++
configure:3689: g++ -c   conftest.cpp >&5
configure:3689: $? = 0
configure:3699: result: yes
configure:3710: checking whether g++ accepts -g
configure:3731: g++ -c -g  conftest.cpp >&5
configure:3731: $? = 0
configure:3775: result: yes
configure:3795: checking for g++ option to enable C++11 features
configure:3810: g++  -c -g -O2  conftest.cpp >&5
conftest.cpp: In function 'int main(int, char**)':
conftest.cpp:177:25: warning: empty parentheses were disambiguated as a function declaration [-Wvexing-parse]
  177 |   cxx11test::delegate d2();
      |                         ^~
conftest.cpp:177:25: note: remove parentheses to default-initialize a variable
  177 |   cxx11test::delegate d2();
      |                         ^~
      |                         --
conftest.cpp:177:25: note: or replace parentheses with braces to value-initialize a variable
configure:3810: $? = 0
configure:3828: result: none needed
configure:3895: checking whether make supports the include directive
configure:3910: make -f confmf.GNU && cat confinc.out
this is the am__doit target
configure:3913: $? = 0
configure:3932: result: yes (GNU style)
configure:3958: checking dependency style of g++
configure:4070: result: gcc3
configure:4149: checking for gcc
configure:4170: found /usr/bin/gcc
configure:4181: result: gcc
configure:4534: checking for C compiler version
configure:4543: gcc --version >&5
gcc (GCC) 12.1.0
Copyright (C) 2022 Free Software Foundation, Inc.
This is free software; see the source for copying conditions.  There is NO
warranty; not even for MERCHANTABILITY or FITNESS FOR A PARTICULAR PURPOSE.

configure:4554: $? = 0
configure:4543: gcc -v >&5
Using built-in specs.
COLLECT_GCC=gcc
COLLECT_LTO_WRAPPER=/usr/lib/gcc/x86_64-pc-linux-gnu/12.1.0/lto-wrapper
Target: x86_64-pc-linux-gnu
Configured with: /build/gcc/src/gcc/configure --enable-languages=c,c++,ada,fortran,go,lto,objc,obj-c++ --enable-bootstrap --prefix=/usr --libdir=/usr/lib --libexecdir=/usr/lib --mandir=/usr/share/man --infodir=/usr/share/info --with-bugurl=https://bugs.archlinux.org/ --with-linker-hash-style=gnu --with-system-zlib --enable-__cxa_atexit --enable-cet=auto --enable-checking=release --enable-clocale=gnu --enable-default-pie --enable-default-ssp --enable-gnu-indirect-function --enable-gnu-unique-object --enable-linker-build-id --enable-lto --enable-multilib --enable-plugin --enable-shared --enable-threads=posix --disable-libssp --disable-libstdcxx-pch --disable-werror --with-build-config=bootstrap-lto --enable-link-serialization=1
Thread model: posix
Supported LTO compression algorithms: zlib zstd
gcc version 12.1.0 (GCC) 
configure:4554: $? = 0
configure:4543: gcc -V >&5
gcc: error: unrecognized command-line option '-V'
gcc: fatal error: no input files
compilation terminated.
configure:4554: $? = 1
configure:4543: gcc -qversion >&5
gcc: error: unrecognized command-line option '-qversion'; did you mean '--version'?
gcc: fatal error: no input files
compilation terminated.
configure:4554: $? = 1
configure:4543: gcc -version >&5
gcc: error: unrecognized command-line option '-version'
gcc: fatal error: no input files
compilation terminated.
configure:4554: $? = 1
configure:4558: checking whether the compiler supports GNU C
configure:4578: gcc -c   conftest.c >&5
configure:4578: $? = 0
configure:4588: result: yes
configure:4599: checking whether gcc accepts -g
configure:4620: gcc -c -g  conftest.c >&5
configure:4620: $? = 0
configure:4664: result: yes
configure:4684: checking for gcc option to enable C11 features
configure:4699: gcc  -c -g -O2  conftest.c >&5
configure:4699: $? = 0
configure:4717: result: none needed
configure:4833: checking whether gcc understands -c and -o together
configure:4856: gcc -c conftest.c -o conftest2.o
configure:4859: $? = 0
configure:4856: gcc -c conftest.c -o conftest2.o
configure:4859: $? = 0
configure:4871: result: yes
configure:4890: checking dependency style of gcc
configure:5002: result: gcc3
configure:5018: checking for  in -lvlc
configure:5041: gcc -o conftest -g -O2   conftest.c -lvlc   >&5
conftest.c:15:8: error: expected identifier or '(' before ')' token
   15 | char  ();
      |        ^
conftest.c: In function 'main':
conftest.c:19:10: error: expected expression before ')' token
   19 | return  ();
      |          ^
configure:5041: $? = 1
configure: failed program was:
| /* confdefs.h */
| #define PACKAGE_NAME "trinyVLC"
| #define PACKAGE_TARNAME "trinyvlc"
| #define PACKAGE_VERSION "0.01"
| #define PACKAGE_STRING "trinyVLC 0.01"
| #define PACKAGE_BUGREPORT "https://github.com/onlyblacktea/trinyVLC/issues"
| #define PACKAGE_URL ""
| #define PACKAGE "trinyvlc"
| #define VERSION "0.01"
| /* end confdefs.h.  */
| 
| /* Override any GCC internal prototype to avoid an error.
|    Use char because int might match the return type of a GCC
|    builtin and then its argument prototype would still apply.  */
| char  ();
| int
| main (void)
| {
| return  ();
|   ;
|   return 0;
| }
configure:5051: result: no
configure:5068: checking for stdio.h
configure:5068: gcc -c -g -O2  conftest.c >&5
configure:5068: $? = 0
configure:5068: result: yes
configure:5068: checking for stdlib.h
configure:5068: gcc -c -g -O2  conftest.c >&5
configure:5068: $? = 0
configure:5068: result: yes
configure:5068: checking for string.h
configure:5068: gcc -c -g -O2  conftest.c >&5
configure:5068: $? = 0
configure:5068: result: yes
configure:5068: checking for inttypes.h
configure:5068: gcc -c -g -O2  conftest.c >&5
configure:5068: $? = 0
configure:5068: result: yes
configure:5068: checking for stdint.h
configure:5068: gcc -c -g -O2  conftest.c >&5
configure:5068: $? = 0
configure:5068: result: yes
configure:5068: checking for strings.h
configure:5068: gcc -c -g -O2  conftest.c >&5
configure:5068: $? = 0
configure:5068: result: yes
configure:5068: checking for sys/stat.h
configure:5068: gcc -c -g -O2  conftest.c >&5
configure:5068: $? = 0
configure:5068: result: yes
configure:5068: checking for sys/types.h
configure:5068: gcc -c -g -O2  conftest.c >&5
configure:5068: $? = 0
configure:5068: result: yes
configure:5068: checking for unistd.h
configure:5068: gcc -c -g -O2  conftest.c >&5
configure:5068: $? = 0
configure:5068: result: yes
configure:5095: checking for libvlcpp/vlcpp/vlc.hpp
configure:5095: gcc -c -g -O2  conftest.c >&5
conftest.c:49:10: fatal error: libvlcpp/vlcpp/vlc.hpp: No such file or directory
   49 | #include <libvlcpp/vlcpp/vlc.hpp>
      |          ^~~~~~~~~~~~~~~~~~~~~~~~
compilation terminated.
configure:5095: $? = 1
configure: failed program was:
| /* confdefs.h */
| #define PACKAGE_NAME "trinyVLC"
| #define PACKAGE_TARNAME "trinyvlc"
| #define PACKAGE_VERSION "0.01"
| #define PACKAGE_STRING "trinyVLC 0.01"
| #define PACKAGE_BUGREPORT "https://github.com/onlyblacktea/trinyVLC/issues"
| #define PACKAGE_URL ""
| #define PACKAGE "trinyvlc"
| #define VERSION "0.01"
| #define HAVE_STDIO_H 1
| #define HAVE_STDLIB_H 1
| #define HAVE_STRING_H 1
| #define HAVE_INTTYPES_H 1
| #define HAVE_STDINT_H 1
| #define HAVE_STRINGS_H 1
| #define HAVE_SYS_STAT_H 1
| #define HAVE_SYS_TYPES_H 1
| #define HAVE_UNISTD_H 1
| #define STDC_HEADERS 1
| /* end confdefs.h.  */
| #include <stddef.h>
| #ifdef HAVE_STDIO_H
| # include <stdio.h>
| #endif
| #ifdef HAVE_STDLIB_H
| # include <stdlib.h>
| #endif
| #ifdef HAVE_STRING_H
| # include <string.h>
| #endif
| #ifdef HAVE_INTTYPES_H
| # include <inttypes.h>
| #endif
| #ifdef HAVE_STDINT_H
| # include <stdint.h>
| #endif
| #ifdef HAVE_STRINGS_H
| # include <strings.h>
| #endif
| #ifdef HAVE_SYS_TYPES_H
| # include <sys/types.h>
| #endif
| #ifdef HAVE_SYS_STAT_H
| # include <sys/stat.h>
| #endif
| #ifdef HAVE_UNISTD_H
| # include <unistd.h>
| #endif
| #include <libvlcpp/vlcpp/vlc.hpp>
configure:5095: result: no
configure:5216: checking that generated files are newer than configure
configure:5222: result: done
configure:5249: creating ./config.status

## ---------------------- ##
## Running config.status. ##
## ---------------------- ##

This file was extended by trinyVLC config.status 0.01, which was
generated by GNU Autoconf 2.71.  Invocation command line was

  CONFIG_FILES    = 
  CONFIG_HEADERS  = 
  CONFIG_LINKS    = 
  CONFIG_COMMANDS = 
  $ ./config.status 

on archlqx

config.status:853: creating Makefile
config.status:853: creating config.h
config.status:1034: config.h is unchanged
config.status:1082: executing depfiles commands
config.status:1159: cd .       && sed -e '/# am--include-marker/d' Makefile         | make -f - am--depfiles
config.status:1164: $? = 0
configure:6630: === configuring in libvlcpp (/home/lqz/workspace/trinyVLC/libvlcpp)
configure:6691: running /bin/sh ./configure --disable-option-checking '--prefix=/usr/local'  --cache-file=/dev/null --srcdir=.

## ---------------- ##
## Cache variables. ##
## ---------------- ##

ac_cv_c_compiler_gnu=yes
ac_cv_cxx_compiler_gnu=yes
ac_cv_env_CCC_set=
ac_cv_env_CCC_value=
ac_cv_env_CC_set=
ac_cv_env_CC_value=
ac_cv_env_CFLAGS_set=
ac_cv_env_CFLAGS_value=
ac_cv_env_CPPFLAGS_set=
ac_cv_env_CPPFLAGS_value=
ac_cv_env_CXXFLAGS_set=
ac_cv_env_CXXFLAGS_value=
ac_cv_env_CXX_set=
ac_cv_env_CXX_value=
ac_cv_env_LDFLAGS_set=
ac_cv_env_LDFLAGS_value=
ac_cv_env_LIBS_set=
ac_cv_env_LIBS_value=
ac_cv_env_build_alias_set=
ac_cv_env_build_alias_value=
ac_cv_env_host_alias_set=
ac_cv_env_host_alias_value=
ac_cv_env_target_alias_set=
ac_cv_env_target_alias_value=
ac_cv_header_inttypes_h=yes
ac_cv_header_libvlcpp_vlcpp_vlc_hpp=no
ac_cv_header_stdint_h=yes
ac_cv_header_stdio_h=yes
ac_cv_header_stdlib_h=yes
ac_cv_header_string_h=yes
ac_cv_header_strings_h=yes
ac_cv_header_sys_stat_h=yes
ac_cv_header_sys_types_h=yes
ac_cv_header_unistd_h=yes
ac_cv_lib_vlc_=no
ac_cv_objext=o
ac_cv_path_install='/usr/bin/install -c'
ac_cv_path_mkdir=/usr/bin/mkdir
ac_cv_prog_AWK=gawk
ac_cv_prog_ac_ct_CC=gcc
ac_cv_prog_ac_ct_CXX=g++
ac_cv_prog_cc_c11=
ac_cv_prog_cc_g=yes
ac_cv_prog_cc_stdc=
ac_cv_prog_cxx_11=no
ac_cv_prog_cxx_cxx11=
ac_cv_prog_cxx_g=yes
ac_cv_prog_cxx_stdcxx=
ac_cv_prog_make_make_set=yes
am_cv_CC_dependencies_compiler_type=gcc3
am_cv_CXX_dependencies_compiler_type=gcc3
am_cv_make_support_nested_variables=yes
am_cv_prog_cc_c_o=yes

## ----------------- ##
## Output variables. ##
## ----------------- ##

ACLOCAL='${SHELL} '\''/home/lqz/workspace/trinyVLC/missing'\'' aclocal-1.16'
AMDEPBACKSLASH='\'
AMDEP_FALSE='#'
AMDEP_TRUE=''
AMTAR='$${TAR-tar}'
AM_BACKSLASH='\'
AM_DEFAULT_V='$(AM_DEFAULT_VERBOSITY)'
AM_DEFAULT_VERBOSITY='1'
AM_V='$(V)'
AUTOCONF='${SHELL} '\''/home/lqz/workspace/trinyVLC/missing'\'' autoconf'
AUTOHEADER='${SHELL} '\''/home/lqz/workspace/trinyVLC/missing'\'' autoheader'
AUTOMAKE='${SHELL} '\''/home/lqz/workspace/trinyVLC/missing'\'' automake-1.16'
AWK='gawk'
CC='gcc'
CCDEPMODE='depmode=gcc3'
CFLAGS='-g -O2'
CPPFLAGS=''
CSCOPE='cscope'
CTAGS='ctags'
CXX='g++'
CXXDEPMODE='depmode=gcc3'
CXXFLAGS='-g -O2'
CYGPATH_W='echo'
DEFS='-DHAVE_CONFIG_H'
DEPDIR='.deps'
ECHO_C=''
ECHO_N='-n'
ECHO_T=''
ETAGS='etags'
EXEEXT=''
INSTALL_DATA='${INSTALL} -m 644'
INSTALL_PROGRAM='${INSTALL}'
INSTALL_SCRIPT='${INSTALL}'
INSTALL_STRIP_PROGRAM='$(install_sh) -c -s'
LDFLAGS=''
LIBOBJS=''
LIBS=''
LTLIBOBJS=''
MAKEINFO='${SHELL} '\''/home/lqz/workspace/trinyVLC/missing'\'' makeinfo'
MKDIR_P='/usr/bin/mkdir -p'
OBJEXT='o'
PACKAGE='trinyvlc'
PACKAGE_BUGREPORT='https://github.com/onlyblacktea/trinyVLC/issues'
PACKAGE_NAME='trinyVLC'
PACKAGE_STRING='trinyVLC 0.01'
PACKAGE_TARNAME='trinyvlc'
PACKAGE_URL=''
PACKAGE_VERSION='0.01'
PATH_SEPARATOR=':'
SET_MAKE=''
SHELL='/bin/sh'
STRIP=''
VERSION='0.01'
ac_ct_CC='gcc'
ac_ct_CXX='g++'
am__EXEEXT_FALSE=''
am__EXEEXT_TRUE='#'
am__fastdepCC_FALSE='#'
am__fastdepCC_TRUE=''
am__fastdepCXX_FALSE='#'
am__fastdepCXX_TRUE=''
am__include='include'
am__isrc=''
am__leading_dot='.'
am__nodep='_no'
am__quote=''
am__tar='$${TAR-tar} chof - "$$tardir"'
am__untar='$${TAR-tar} xf -'
bindir='${exec_prefix}/bin'
build_alias=''
datadir='${datarootdir}'
datarootdir='${prefix}/share'
docdir='${datarootdir}/doc/${PACKAGE_TARNAME}'
dvidir='${docdir}'
exec_prefix='${prefix}'
host_alias=''
htmldir='${docdir}'
includedir='${prefix}/include'
infodir='${datarootdir}/info'
install_sh='${SHELL} /home/lqz/workspace/trinyVLC/install-sh'
libdir='${exec_prefix}/lib'
libexecdir='${exec_prefix}/libexec'
localedir='${datarootdir}/locale'
localstatedir='${prefix}/var'
mandir='${datarootdir}/man'
mkdir_p='$(MKDIR_P)'
oldincludedir='/usr/include'
pdfdir='${docdir}'
prefix='/usr/local'
program_transform_name='s,x,x,'
psdir='${docdir}'
runstatedir='${localstatedir}/run'
sbindir='${exec_prefix}/sbin'
sharedstatedir='${prefix}/com'
subdirs=' libvlcpp'
sysconfdir='${prefix}/etc'
target_alias=''

## ----------- ##
## confdefs.h. ##
## ----------- ##

/* confdefs.h */
#define PACKAGE_NAME "trinyVLC"
#define PACKAGE_TARNAME "trinyvlc"
#define PACKAGE_VERSION "0.01"
#define PACKAGE_STRING "trinyVLC 0.01"
#define PACKAGE_BUGREPORT "https://github.com/onlyblacktea/trinyVLC/issues"
#define PACKAGE_URL ""
#define PACKAGE "trinyvlc"
#define VERSION "0.01"
#define HAVE_STDIO_H 1
#define HAVE_STDLIB_H 1
#define HAVE_STRING_H 1
#define HAVE_INTTYPES_H 1
#define HAVE_STDINT_H 1
#define HAVE_STRINGS_H 1
#define HAVE_SYS_STAT_H 1
#define HAVE_SYS_TYPES_H 1
#define HAVE_UNISTD_H 1
#define STDC_HEADERS 1

configure: exit 0
